<?xml version="1.0" encoding="UTF-8"?>
<!-- Generated by org.testng.reporters.JUnitReportReporter -->
<testsuite hostname="OPCLP012" failures="0" tests="2" name="Shakedeal.MavenAutomation.BrowsersTest" time="0.007" errors="0" timestamp="2021-05-22T22:53:25 IST" skipped="0">
  <testcase classname="Shakedeal.MavenAutomation.BrowsersTest" name="firefox" time="0.001"/>
  <system-out/>
  <testcase classname="Shakedeal.MavenAutomation.BrowsersTest" name="chrome" time="0.006"/>
  <system-out/>
</testsuite> <!-- Shakedeal.MavenAutomation.BrowsersTest -->
