<?xml version="1.0" encoding="UTF-8"?>
<!-- Generated by org.testng.reporters.JUnitReportReporter -->
<testsuite hostname="OPCLP012" failures="0" tests="2" name="Shakedeal.MavenAutomation.MobileTest" time="0.007" errors="0" timestamp="2021-05-22T23:36:57 IST" skipped="0">
  <testcase classname="Shakedeal.MavenAutomation.MobileTest" name="IOS" time="0.001"/>
  <system-out/>
  <testcase classname="Shakedeal.MavenAutomation.MobileTest" name="Android" time="0.006"/>
  <system-out/>
</testsuite> <!-- Shakedeal.MavenAutomation.MobileTest -->
