<?xml version="1.0" encoding="UTF-8"?>
<!-- Generated by org.testng.reporters.JUnitReportReporter -->
<testsuite hostname="OPCLP012" failures="0" tests="2" name="Shakedeal.MavenAutomation.BrowserTest" time="0.003" errors="0" timestamp="2021-05-22T23:52:17 IST" skipped="0">
  <testcase classname="Shakedeal.MavenAutomation.BrowserTest" name="firefox" time="0.000"/>
  <system-out/>
  <testcase classname="Shakedeal.MavenAutomation.BrowserTest" name="chrome" time="0.003"/>
  <system-out/>
</testsuite> <!-- Shakedeal.MavenAutomation.BrowserTest -->
