<?xml version="1.0" encoding="UTF-8"?>
<!-- Generated by org.testng.reporters.JUnitReportReporter -->
<testsuite hostname="OPCLP012" failures="0" tests="2" name="Shakedeal.MavenAutomation.BugtoolTest" time="0.000" errors="0" timestamp="2021-05-22T23:52:17 IST" skipped="0">
  <testcase classname="Shakedeal.MavenAutomation.BugtoolTest" name="JIRA" time="0.000"/>
  <system-out/>
  <testcase classname="Shakedeal.MavenAutomation.BugtoolTest" name="Bugzilla" time="0.000"/>
  <system-out/>
</testsuite> <!-- Shakedeal.MavenAutomation.BugtoolTest -->
